--- Simulator engine state reset to defaults. ---
=================================================
 Starting LEGv8 Simulator Flask Web Server (Refactored)
 Access at: http://localhost:5010
=================================================
--- Simulator engine state reset to defaults. ---
 * Serving Flask app 'app'
 * Debug mode: on
[31m[1mWARNING: This is a development server. Do not use it in a production deployment. Use a production WSGI server instead.[0m
 * Running on all addresses (0.0.0.0)
 * Running on http://127.0.0.1:5010
 * Running on http://10.0.35.152:5010
[33mPress CTRL+C to quit[0m
 * Restarting with stat
 * Debugger is active!
 * Debugger PIN: 616-289-521
--- Simulator engine state reset to defaults. ---
=================================================
 Starting LEGv8 Simulator Flask Web Server (Refactored)
 Access at: http://localhost:5010
=================================================
--- Simulator engine state reset to defaults. ---
Traceback (most recent call last):
  File "/Users/vothanhnhan/LEGv8-Team/app.py", line 97, in <module>
    app.run(debug=True, host='0.0.0.0', port=5010, threaded=False)
  File "/Users/vothanhnhan/.pyenv/versions/3.10.5/lib/python3.10/site-packages/flask/app.py", line 662, in run
    run_simple(t.cast(str, host), port, self, **options)
  File "/Users/vothanhnhan/.pyenv/versions/3.10.5/lib/python3.10/site-packages/werkzeug/serving.py", line 1115, in run_simple
    run_with_reloader(
  File "/Users/vothanhnhan/.pyenv/versions/3.10.5/lib/python3.10/site-packages/werkzeug/_reloader.py", line 459, in run_with_reloader
    ensure_echo_on()
  File "/Users/vothanhnhan/.pyenv/versions/3.10.5/lib/python3.10/site-packages/werkzeug/_reloader.py", line 439, in ensure_echo_on
    termios.tcsetattr(sys.stdin, termios.TCSANOW, attributes)
termios.error: (4, 'Interrupted system call')
